\BOOKMARK [0][]{chapter*.1}{Abstract}{}% 1
\BOOKMARK [0][]{chapter*.2}{Dedication}{}% 2
\BOOKMARK [0][]{chapter*.3}{Acknowledgments}{}% 3
\BOOKMARK [0][]{chapter*.4}{Vita}{}% 4
\BOOKMARK [0][]{section*.5}{Contents}{}% 5
\BOOKMARK [0][]{chapter*.7}{List\040of\040Figures}{}% 6
\BOOKMARK [0][]{chapter*.8}{List\040of\040Tables}{}% 7
\BOOKMARK [0][]{chapter*.9}{List\040of\040Listings}{}% 8
\BOOKMARK [0][]{chapter*.10}{Preface}{}% 9
\BOOKMARK [0][]{chapter.1}{Introduction}{}% 10
\BOOKMARK [0][]{chapter.2}{In\040the\040beginning:\040Knuth\040said\040``Let\040there\040be\040TeX''}{}% 11
\BOOKMARK [1][]{section.2.1}{My\040new\040section}{chapter.2}% 12
\BOOKMARK [1][]{section.2.2}{Theorems,\040definitions,\040examples,\040oh\040my!}{chapter.2}% 13
\BOOKMARK [1][]{section.2.3}{Putting\040code\040in\040the\040main\040body\040of\040the\040thesis}{chapter.2}% 14
\BOOKMARK [1][]{section.2.4}{What\040is\040in\040username.tex}{chapter.2}% 15
\BOOKMARK [0][]{chapter.3}{Working\040with\040figures\040and\040tables}{}% 16
\BOOKMARK [1][]{section.3.1}{Getting\040a\040simple\040figure\040in\040the\040document}{chapter.3}% 17
\BOOKMARK [2][]{subsection.3.1.1}{Minipages}{section.3.1}% 18
\BOOKMARK [3][]{subsubsection.3.1.1.1}{Two\040pictures\040in\040one\040figure}{subsection.3.1.1}% 19
\BOOKMARK [1][]{section.3.2}{Tables}{chapter.3}% 20
\BOOKMARK [0][]{chapter.4}{Working\040with\040bibliographies\040and\040indicies}{}% 21
\BOOKMARK [0][]{appendix.A}{Typesetting\040Mathematical\040Formulae}{}% 22
\BOOKMARK [1][]{section.A.1}{General}{appendix.A}% 23
\BOOKMARK [1][]{section.A.2}{Grouping\040in\040Math\040Mode}{appendix.A}% 24
\BOOKMARK [1][]{section.A.3}{Building\040Blocks\040of\040a\040Mathematical\040Formula}{appendix.A}% 25
\BOOKMARK [1][]{section.A.4}{Math\040Spacing}{appendix.A}% 26
\BOOKMARK [1][]{section.A.5}{Vertically\040Aligned\040Material}{appendix.A}% 27
\BOOKMARK [1][]{section.A.6}{Math\040Font\040Size}{appendix.A}% 28
\BOOKMARK [1][]{section.A.7}{Theorems, Laws, …}{appendix.A}% 29
\BOOKMARK [1][]{section.A.8}{Bold\040symbols}{appendix.A}% 30
\BOOKMARK [1][]{section.A.9}{List\040of\040Mathematical\040Symbols}{appendix.A}% 31
\BOOKMARK [0][]{appendix.B}{Examples\040of\040Java\040Code}{}% 32
\BOOKMARK [0][]{appendix.C}{C++\040Examples}{}% 33
\BOOKMARK [0][]{appendix*.39}{Afterword}{}% 34
\BOOKMARK [0][]{appendix*.40}{References}{}% 35
\BOOKMARK [0][]{section*.41}{Index}{}% 36
\BOOKMARK [0][]{appendix*.42}{Colophon}{}% 37
